<?xml version="1.0" encoding="UTF-8"?>
<!-- Generated by org.testng.reporters.JUnitReportReporter -->
<testsuite skipped="0" hostname="VAIO" name="TestNgTest.TestClass" tests="1" failures="0" timestamp="11 Feb 2018 07:37:52 GMT" time="14.672" errors="0">
  <testcase name="test1" time="14.672" classname="TestNgTest.TestClass"/>
</testsuite> <!-- TestNgTest.TestClass -->
