<?xml version="1.0" encoding="UTF-8"?>
<!-- Generated by org.testng.reporters.JUnitReportReporter -->
<testsuite skipped="0" hostname="VAIO" name="DataProviderTest" tests="3" failures="0" timestamp="03 Feb 2018 20:45:48 GMT" time="0.031" errors="0">
  <testcase name="test" time="0.015" classname="DataProviderTest"/>
  <testcase name="test" time="0.000" classname="DataProviderTest"/>
  <testcase name="test" time="0.016" classname="DataProviderTest"/>
</testsuite> <!-- DataProviderTest -->
