<?xml version="1.0" encoding="UTF-8"?>
<!-- Generated by org.testng.reporters.JUnitReportReporter -->
<testsuite hostname="VAIO" name="TestNgTest.Annotations" tests="3" failures="0" timestamp="20 Jan 2018 09:24:25 GMT" time="0.022" errors="0">
  <testcase name="test" time="0.014" classname="TestNgTest.Annotations"/>
  <testcase name="test3" time="0.003" classname="TestNgTest.Annotations"/>
  <testcase name="test2" time="0.005" classname="TestNgTest.Annotations"/>
</testsuite> <!-- TestNgTest.Annotations -->
